<?xml version="1.0" encoding="UTF-8"?>
<testsuite xmlns:xsi="http://www.w3.org/2001/XMLSchema-instance" xsi:noNamespaceSchemaLocation="https://maven.apache.org/surefire/maven-surefire-plugin/xsd/surefire-test-report-3.0.xsd" version="3.0" name="TestSuite" time="92.692" tests="16" errors="0" skipped="0" failures="3">
  <properties>
    <property name="gopherProxySet" value="false"/>
    <property name="awt.toolkit" value="sun.lwawt.macosx.LWCToolkit"/>
    <property name="java.specification.version" value="11"/>
    <property name="webdriver.chrome.driver" value="/Users/vinayakkaladhar/.cache/selenium/chromedriver/mac64/108.0.5359.71/chromedriver"/>
    <property name="sun.cpu.isalist" value=""/>
    <property name="sun.jnu.encoding" value="UTF-8"/>
    <property name="java.class.path" value="/Users/vinayakkaladhar/work/Puffy/selenium/target/test-classes:/Users/vinayakkaladhar/work/Puffy/selenium/target/classes:/Users/vinayakkaladhar/.m2/repository/org/seleniumhq/selenium/selenium-java/4.0.0-alpha-6/selenium-java-4.0.0-alpha-6.jar:/Users/vinayakkaladhar/.m2/repository/org/seleniumhq/selenium/selenium-api/4.0.0-alpha-6/selenium-api-4.0.0-alpha-6.jar:/Users/vinayakkaladhar/.m2/repository/org/seleniumhq/selenium/selenium-chrome-driver/4.0.0-alpha-6/selenium-chrome-driver-4.0.0-alpha-6.jar:/Users/vinayakkaladhar/.m2/repository/com/google/auto/service/auto-service-annotations/1.0-rc6/auto-service-annotations-1.0-rc6.jar:/Users/vinayakkaladhar/.m2/repository/com/google/auto/service/auto-service/1.0-rc6/auto-service-1.0-rc6.jar:/Users/vinayakkaladhar/.m2/repository/com/google/auto/auto-common/0.10/auto-common-0.10.jar:/Users/vinayakkaladhar/.m2/repository/org/seleniumhq/selenium/selenium-chromium-driver/4.0.0-alpha-6/selenium-chromium-driver-4.0.0-alpha-6.jar:/Users/vinayakkaladhar/.m2/repository/org/seleniumhq/selenium/selenium-devtools/4.0.0-alpha-6/selenium-devtools-4.0.0-alpha-6.jar:/Users/vinayakkaladhar/.m2/repository/org/seleniumhq/selenium/selenium-http/4.0.0-alpha-6/selenium-http-4.0.0-alpha-6.jar:/Users/vinayakkaladhar/.m2/repository/org/seleniumhq/selenium/selenium-json/4.0.0-alpha-6/selenium-json-4.0.0-alpha-6.jar:/Users/vinayakkaladhar/.m2/repository/org/seleniumhq/selenium/selenium-edge-driver/4.0.0-alpha-6/selenium-edge-driver-4.0.0-alpha-6.jar:/Users/vinayakkaladhar/.m2/repository/org/seleniumhq/selenium/selenium-edgehtml-driver/4.0.0-alpha-6/selenium-edgehtml-driver-4.0.0-alpha-6.jar:/Users/vinayakkaladhar/.m2/repository/org/seleniumhq/selenium/selenium-firefox-driver/4.0.0-alpha-6/selenium-firefox-driver-4.0.0-alpha-6.jar:/Users/vinayakkaladhar/.m2/repository/org/seleniumhq/selenium/selenium-firefox-xpi-driver/4.0.0-alpha-6/selenium-firefox-xpi-driver-4.0.0-alpha-6.jar:/Users/vinayakkaladhar/.m2/repository/org/seleniumhq/selenium/selenium-ie-driver/4.0.0-alpha-6/selenium-ie-driver-4.0.0-alpha-6.jar:/Users/vinayakkaladhar/.m2/repository/org/seleniumhq/selenium/selenium-opera-driver/4.0.0-alpha-6/selenium-opera-driver-4.0.0-alpha-6.jar:/Users/vinayakkaladhar/.m2/repository/org/seleniumhq/selenium/selenium-remote-driver/4.0.0-alpha-6/selenium-remote-driver-4.0.0-alpha-6.jar:/Users/vinayakkaladhar/.m2/repository/com/squareup/okhttp3/okhttp/4.5.0/okhttp-4.5.0.jar:/Users/vinayakkaladhar/.m2/repository/org/jetbrains/kotlin/kotlin-stdlib/1.3.70/kotlin-stdlib-1.3.70.jar:/Users/vinayakkaladhar/.m2/repository/org/jetbrains/annotations/13.0/annotations-13.0.jar:/Users/vinayakkaladhar/.m2/repository/com/squareup/okio/okio/2.6.0/okio-2.6.0.jar:/Users/vinayakkaladhar/.m2/repository/org/jetbrains/kotlin/kotlin-stdlib-common/1.3.70/kotlin-stdlib-common-1.3.70.jar:/Users/vinayakkaladhar/.m2/repository/com/typesafe/netty/netty-reactive-streams/2.0.4/netty-reactive-streams-2.0.4.jar:/Users/vinayakkaladhar/.m2/repository/io/netty/netty-handler/4.1.43.Final/netty-handler-4.1.43.Final.jar:/Users/vinayakkaladhar/.m2/repository/org/reactivestreams/reactive-streams/1.0.3/reactive-streams-1.0.3.jar:/Users/vinayakkaladhar/.m2/repository/io/grpc/grpc-context/1.28.0/grpc-context-1.28.0.jar:/Users/vinayakkaladhar/.m2/repository/io/netty/netty-buffer/4.1.49.Final/netty-buffer-4.1.49.Final.jar:/Users/vinayakkaladhar/.m2/repository/io/netty/netty-common/4.1.49.Final/netty-common-4.1.49.Final.jar:/Users/vinayakkaladhar/.m2/repository/io/netty/netty-codec-http/4.1.49.Final/netty-codec-http-4.1.49.Final.jar:/Users/vinayakkaladhar/.m2/repository/io/netty/netty-codec/4.1.49.Final/netty-codec-4.1.49.Final.jar:/Users/vinayakkaladhar/.m2/repository/io/netty/netty-transport-native-epoll/4.1.49.Final/netty-transport-native-epoll-4.1.49.Final.jar:/Users/vinayakkaladhar/.m2/repository/io/netty/netty-transport-native-epoll/4.1.49.Final/netty-transport-native-epoll-4.1.49.Final-linux-x86_64.jar:/Users/vinayakkaladhar/.m2/repository/io/netty/netty-transport-native-kqueue/4.1.49.Final/netty-transport-native-kqueue-4.1.49.Final.jar:/Users/vinayakkaladhar/.m2/repository/io/netty/netty-transport-native-kqueue/4.1.49.Final/netty-transport-native-kqueue-4.1.49.Final-osx-x86_64.jar:/Users/vinayakkaladhar/.m2/repository/io/netty/netty-transport-native-unix-common/4.1.49.Final/netty-transport-native-unix-common-4.1.49.Final.jar:/Users/vinayakkaladhar/.m2/repository/io/netty/netty-transport/4.1.49.Final/netty-transport-4.1.49.Final.jar:/Users/vinayakkaladhar/.m2/repository/io/netty/netty-resolver/4.1.49.Final/netty-resolver-4.1.49.Final.jar:/Users/vinayakkaladhar/.m2/repository/io/opentelemetry/opentelemetry-api/0.4.0/opentelemetry-api-0.4.0.jar:/Users/vinayakkaladhar/.m2/repository/io/opentelemetry/opentelemetry-context-prop/0.4.0/opentelemetry-context-prop-0.4.0.jar:/Users/vinayakkaladhar/.m2/repository/io/opentelemetry/opentelemetry-sdk/0.4.0/opentelemetry-sdk-0.4.0.jar:/Users/vinayakkaladhar/.m2/repository/io/projectreactor/netty/reactor-netty/0.9.6.RELEASE/reactor-netty-0.9.6.RELEASE.jar:/Users/vinayakkaladhar/.m2/repository/io/netty/netty-codec-http2/4.1.48.Final/netty-codec-http2-4.1.48.Final.jar:/Users/vinayakkaladhar/.m2/repository/io/netty/netty-handler-proxy/4.1.48.Final/netty-handler-proxy-4.1.48.Final.jar:/Users/vinayakkaladhar/.m2/repository/io/projectreactor/reactor-core/3.3.5.RELEASE/reactor-core-3.3.5.RELEASE.jar:/Users/vinayakkaladhar/.m2/repository/net/bytebuddy/byte-buddy/1.10.9/byte-buddy-1.10.9.jar:/Users/vinayakkaladhar/.m2/repository/org/apache/commons/commons-exec/1.3/commons-exec-1.3.jar:/Users/vinayakkaladhar/.m2/repository/org/asynchttpclient/async-http-client/2.12.1/async-http-client-2.12.1.jar:/Users/vinayakkaladhar/.m2/repository/org/asynchttpclient/async-http-client-netty-utils/2.12.1/async-http-client-netty-utils-2.12.1.jar:/Users/vinayakkaladhar/.m2/repository/io/netty/netty-codec-socks/4.1.48.Final/netty-codec-socks-4.1.48.Final.jar:/Users/vinayakkaladhar/.m2/repository/com/sun/activation/javax.activation/1.2.0/javax.activation-1.2.0.jar:/Users/vinayakkaladhar/.m2/repository/org/seleniumhq/selenium/selenium-safari-driver/4.0.0-alpha-6/selenium-safari-driver-4.0.0-alpha-6.jar:/Users/vinayakkaladhar/.m2/repository/org/seleniumhq/selenium/selenium-support/4.0.0-alpha-6/selenium-support-4.0.0-alpha-6.jar:/Users/vinayakkaladhar/.m2/repository/org/testng/testng/7.1.0/testng-7.1.0.jar:/Users/vinayakkaladhar/.m2/repository/com/google/inject/guice/4.1.0/guice-4.1.0-no_aop.jar:/Users/vinayakkaladhar/.m2/repository/org/yaml/snakeyaml/1.21/snakeyaml-1.21.jar:/Users/vinayakkaladhar/.m2/repository/log4j/log4j/1.2.17/log4j-1.2.17.jar:/Users/vinayakkaladhar/.m2/repository/org/uncommons/reportng/1.1.4/reportng-1.1.4.jar:/Users/vinayakkaladhar/.m2/repository/velocity/velocity/1.4/velocity-1.4.jar:/Users/vinayakkaladhar/.m2/repository/com/google/inject/guice/4.0/guice-4.0.jar:/Users/vinayakkaladhar/.m2/repository/javax/inject/javax.inject/1/javax.inject-1.jar:/Users/vinayakkaladhar/.m2/repository/aopalliance/aopalliance/1.0/aopalliance-1.0.jar:/Users/vinayakkaladhar/.m2/repository/velocity/velocity-dep/1.3.1/velocity-dep-1.3.1.jar:/Users/vinayakkaladhar/.m2/repository/io/github/bonigarcia/webdrivermanager/5.3.1/webdrivermanager-5.3.1.jar:/Users/vinayakkaladhar/.m2/repository/org/slf4j/slf4j-api/2.0.3/slf4j-api-2.0.3.jar:/Users/vinayakkaladhar/.m2/repository/com/google/code/gson/gson/2.10/gson-2.10.jar:/Users/vinayakkaladhar/.m2/repository/com/github/docker-java/docker-java/3.2.13/docker-java-3.2.13.jar:/Users/vinayakkaladhar/.m2/repository/com/github/docker-java/docker-java-core/3.2.13/docker-java-core-3.2.13.jar:/Users/vinayakkaladhar/.m2/repository/com/github/docker-java/docker-java-api/3.2.13/docker-java-api-3.2.13.jar:/Users/vinayakkaladhar/.m2/repository/com/fasterxml/jackson/core/jackson-annotations/2.10.3/jackson-annotations-2.10.3.jar:/Users/vinayakkaladhar/.m2/repository/org/apache/commons/commons-compress/1.21/commons-compress-1.21.jar:/Users/vinayakkaladhar/.m2/repository/com/fasterxml/jackson/core/jackson-databind/2.10.3/jackson-databind-2.10.3.jar:/Users/vinayakkaladhar/.m2/repository/com/fasterxml/jackson/core/jackson-core/2.10.3/jackson-core-2.10.3.jar:/Users/vinayakkaladhar/.m2/repository/org/bouncycastle/bcpkix-jdk15on/1.64/bcpkix-jdk15on-1.64.jar:/Users/vinayakkaladhar/.m2/repository/org/slf4j/jcl-over-slf4j/1.7.30/jcl-over-slf4j-1.7.30.jar:/Users/vinayakkaladhar/.m2/repository/com/github/docker-java/docker-java-transport-httpclient5/3.2.13/docker-java-transport-httpclient5-3.2.13.jar:/Users/vinayakkaladhar/.m2/repository/com/github/docker-java/docker-java-transport/3.2.13/docker-java-transport-3.2.13.jar:/Users/vinayakkaladhar/.m2/repository/net/java/dev/jna/jna/5.8.0/jna-5.8.0.jar:/Users/vinayakkaladhar/.m2/repository/org/brotli/dec/0.1.2/dec-0.1.2.jar:/Users/vinayakkaladhar/.m2/repository/org/apache/commons/commons-lang3/3.12.0/commons-lang3-3.12.0.jar:/Users/vinayakkaladhar/.m2/repository/org/apache/httpcomponents/client5/httpclient5/5.1.3/httpclient5-5.1.3.jar:/Users/vinayakkaladhar/.m2/repository/org/apache/httpcomponents/core5/httpcore5/5.1.3/httpcore5-5.1.3.jar:/Users/vinayakkaladhar/.m2/repository/org/apache/httpcomponents/core5/httpcore5-h2/5.1.3/httpcore5-h2-5.1.3.jar:/Users/vinayakkaladhar/.m2/repository/org/apache/maven/surefire/surefire-testng/3.0.0-M5/surefire-testng-3.0.0-M5.jar:/Users/vinayakkaladhar/.m2/repository/org/apache/maven/surefire/common-java5/3.0.0-M5/common-java5-3.0.0-M5.jar:/Users/vinayakkaladhar/.m2/repository/org/apache/maven/surefire/surefire-shared-utils/3.0.0-M4/surefire-shared-utils-3.0.0-M4.jar:/Users/vinayakkaladhar/.m2/repository/org/apache/maven/surefire/surefire-testng-utils/3.0.0-M5/surefire-testng-utils-3.0.0-M5.jar:/Users/vinayakkaladhar/.m2/repository/org/apache/maven/surefire/surefire-grouper/3.0.0-M5/surefire-grouper-3.0.0-M5.jar:/Users/vinayakkaladhar/.m2/repository/org/apache/maven/surefire/surefire-api/3.0.0-M5/surefire-api-3.0.0-M5.jar:/Users/vinayakkaladhar/.m2/repository/org/apache/maven/surefire/surefire-logger-api/3.0.0-M5/surefire-logger-api-3.0.0-M5.jar:/Users/vinayakkaladhar/.m2/repository/com/google/guava/guava/22.0/guava-22.0.jar:/Users/vinayakkaladhar/.m2/repository/com/google/code/findbugs/jsr305/1.3.9/jsr305-1.3.9.jar:/Users/vinayakkaladhar/.m2/repository/com/google/errorprone/error_prone_annotations/2.0.18/error_prone_annotations-2.0.18.jar:/Users/vinayakkaladhar/.m2/repository/com/google/j2objc/j2objc-annotations/1.1/j2objc-annotations-1.1.jar:/Users/vinayakkaladhar/.m2/repository/org/codehaus/mojo/animal-sniffer-annotations/1.14/animal-sniffer-annotations-1.14.jar:/Users/vinayakkaladhar/.m2/repository/io/rest-assured/rest-assured/4.3.0/rest-assured-4.3.0.jar:/Users/vinayakkaladhar/.m2/repository/org/codehaus/groovy/groovy/3.0.2/groovy-3.0.2.jar:/Users/vinayakkaladhar/.m2/repository/org/codehaus/groovy/groovy-xml/3.0.2/groovy-xml-3.0.2.jar:/Users/vinayakkaladhar/.m2/repository/org/apache/httpcomponents/httpclient/4.5.3/httpclient-4.5.3.jar:/Users/vinayakkaladhar/.m2/repository/org/apache/httpcomponents/httpcore/4.4.6/httpcore-4.4.6.jar:/Users/vinayakkaladhar/.m2/repository/commons-logging/commons-logging/1.2/commons-logging-1.2.jar:/Users/vinayakkaladhar/.m2/repository/org/apache/httpcomponents/httpmime/4.5.3/httpmime-4.5.3.jar:/Users/vinayakkaladhar/.m2/repository/org/hamcrest/hamcrest/2.1/hamcrest-2.1.jar:/Users/vinayakkaladhar/.m2/repository/org/ccil/cowan/tagsoup/tagsoup/1.2.1/tagsoup-1.2.1.jar:/Users/vinayakkaladhar/.m2/repository/io/rest-assured/json-path/4.3.0/json-path-4.3.0.jar:/Users/vinayakkaladhar/.m2/repository/org/codehaus/groovy/groovy-json/3.0.2/groovy-json-3.0.2.jar:/Users/vinayakkaladhar/.m2/repository/io/rest-assured/rest-assured-common/4.3.0/rest-assured-common-4.3.0.jar:/Users/vinayakkaladhar/.m2/repository/io/rest-assured/xml-path/4.3.0/xml-path-4.3.0.jar:/Users/vinayakkaladhar/.m2/repository/jakarta/xml/bind/jakarta.xml.bind-api/2.3.2/jakarta.xml.bind-api-2.3.2.jar:/Users/vinayakkaladhar/.m2/repository/jakarta/activation/jakarta.activation-api/1.2.1/jakarta.activation-api-1.2.1.jar:/Users/vinayakkaladhar/.m2/repository/com/sun/xml/bind/jaxb-osgi/2.3.0.1/jaxb-osgi-2.3.0.1.jar:/Users/vinayakkaladhar/.m2/repository/org/apache/sling/org.apache.sling.javax.activation/0.1.0/org.apache.sling.javax.activation-0.1.0.jar:/Users/vinayakkaladhar/.m2/repository/javax/activation/activation/1.1.1/activation-1.1.1.jar:/Users/vinayakkaladhar/.m2/repository/com/gembox/gembox-spreadsheet/1.1.1173/gembox-spreadsheet-1.1.1173.jar:/Users/vinayakkaladhar/.m2/repository/commons-codec/commons-codec/1.11/commons-codec-1.11.jar:/Users/vinayakkaladhar/.m2/repository/org/apache/commons/commons-collections4/4.1/commons-collections4-4.1.jar:/Users/vinayakkaladhar/.m2/repository/org/apache/poi/ooxml-security/1.0/ooxml-security-1.0.jar:/Users/vinayakkaladhar/.m2/repository/org/bouncycastle/bcprov-jdk15on/1.59/bcprov-jdk15on-1.59.jar:/Users/vinayakkaladhar/.m2/repository/ru/yandex/qatools/ashot/ashot/1.5.4/ashot-1.5.4.jar:/Users/vinayakkaladhar/.m2/repository/commons-io/commons-io/2.5/commons-io-2.5.jar:/Users/vinayakkaladhar/.m2/repository/org/hamcrest/hamcrest-core/1.3/hamcrest-core-1.3.jar:/Users/vinayakkaladhar/.m2/repository/io/cucumber/cucumber-java/5.0.0/cucumber-java-5.0.0.jar:/Users/vinayakkaladhar/.m2/repository/io/cucumber/cucumber-core/5.0.0/cucumber-core-5.0.0.jar:/Users/vinayakkaladhar/.m2/repository/io/cucumber/cucumber-gherkin/5.0.0/cucumber-gherkin-5.0.0.jar:/Users/vinayakkaladhar/.m2/repository/io/cucumber/cucumber-gherkin-vintage/5.0.0/cucumber-gherkin-vintage-5.0.0.jar:/Users/vinayakkaladhar/.m2/repository/io/cucumber/tag-expressions/2.0.4/tag-expressions-2.0.4.jar:/Users/vinayakkaladhar/.m2/repository/io/cucumber/cucumber-expressions/8.3.1/cucumber-expressions-8.3.1.jar:/Users/vinayakkaladhar/.m2/repository/io/cucumber/datatable/3.2.0/datatable-3.2.0.jar:/Users/vinayakkaladhar/.m2/repository/io/cucumber/cucumber-plugin/5.0.0/cucumber-plugin-5.0.0.jar:/Users/vinayakkaladhar/.m2/repository/io/cucumber/docstring/5.0.0/docstring-5.0.0.jar:/Users/vinayakkaladhar/.m2/repository/org/apiguardian/apiguardian-api/1.1.0/apiguardian-api-1.1.0.jar:/Users/vinayakkaladhar/.m2/repository/io/cucumber/gherkin/5.0.0/gherkin-5.0.0.jar:/Users/vinayakkaladhar/.m2/repository/io/cucumber/gherkin-jvm-deps/1.0.4/gherkin-jvm-deps-1.0.4.jar:/Users/vinayakkaladhar/.m2/repository/io/cucumber/cucumber-testng/5.0.0/cucumber-testng-5.0.0.jar:/Users/vinayakkaladhar/.m2/repository/org/apache/poi/poi-ooxml/3.14-beta1/poi-ooxml-3.14-beta1.jar:/Users/vinayakkaladhar/.m2/repository/com/github/virtuald/curvesapi/1.03/curvesapi-1.03.jar:/Users/vinayakkaladhar/.m2/repository/org/apache/poi/poi-ooxml-schemas/3.14-beta1/poi-ooxml-schemas-3.14-beta1.jar:/Users/vinayakkaladhar/.m2/repository/org/apache/xmlbeans/xmlbeans/2.6.0/xmlbeans-2.6.0.jar:/Users/vinayakkaladhar/.m2/repository/stax/stax-api/1.0.1/stax-api-1.0.1.jar:/Users/vinayakkaladhar/.m2/repository/org/apache/poi/poi/3.14-beta1/poi-3.14-beta1.jar:/Users/vinayakkaladhar/.m2/repository/com/beust/jcommander/1.72/jcommander-1.72.jar:/Users/vinayakkaladhar/.m2/repository/com/vaadin/external/google/android-json/0.0.20131108.vaadin1/android-json-0.0.20131108.vaadin1.jar:"/>
    <property name="java.vm.vendor" value="Amazon.com Inc."/>
    <property name="sun.arch.data.model" value="64"/>
    <property name="java.vendor.url" value="https://aws.amazon.com/corretto/"/>
    <property name="user.timezone" value="Asia/Kolkata"/>
    <property name="java.vm.specification.version" value="11"/>
    <property name="os.name" value="Mac OS X"/>
    <property name="sun.java.launcher" value="SUN_STANDARD"/>
    <property name="user.country" value="IN"/>
    <property name="sun.boot.library.path" value="/Users/vinayakkaladhar/Library/Java/JavaVirtualMachines/corretto-11.0.14.1/Contents/Home/lib"/>
    <property name="sun.java.command" value="/Users/vinayakkaladhar/work/Puffy/selenium/target/surefire/surefirebooter374311546403649806.jar /Users/vinayakkaladhar/work/Puffy/selenium/target/surefire 2022-12-31T11-28-27_219-jvmRun1 surefire8717228717858315364tmp surefire_09144484218913782953tmp"/>
    <property name="jdk.debug" value="release"/>
    <property name="surefire.test.class.path" value="/Users/vinayakkaladhar/work/Puffy/selenium/target/test-classes:/Users/vinayakkaladhar/work/Puffy/selenium/target/classes:/Users/vinayakkaladhar/.m2/repository/org/seleniumhq/selenium/selenium-java/4.0.0-alpha-6/selenium-java-4.0.0-alpha-6.jar:/Users/vinayakkaladhar/.m2/repository/org/seleniumhq/selenium/selenium-api/4.0.0-alpha-6/selenium-api-4.0.0-alpha-6.jar:/Users/vinayakkaladhar/.m2/repository/org/seleniumhq/selenium/selenium-chrome-driver/4.0.0-alpha-6/selenium-chrome-driver-4.0.0-alpha-6.jar:/Users/vinayakkaladhar/.m2/repository/com/google/auto/service/auto-service-annotations/1.0-rc6/auto-service-annotations-1.0-rc6.jar:/Users/vinayakkaladhar/.m2/repository/com/google/auto/service/auto-service/1.0-rc6/auto-service-1.0-rc6.jar:/Users/vinayakkaladhar/.m2/repository/com/google/auto/auto-common/0.10/auto-common-0.10.jar:/Users/vinayakkaladhar/.m2/repository/org/seleniumhq/selenium/selenium-chromium-driver/4.0.0-alpha-6/selenium-chromium-driver-4.0.0-alpha-6.jar:/Users/vinayakkaladhar/.m2/repository/org/seleniumhq/selenium/selenium-devtools/4.0.0-alpha-6/selenium-devtools-4.0.0-alpha-6.jar:/Users/vinayakkaladhar/.m2/repository/org/seleniumhq/selenium/selenium-http/4.0.0-alpha-6/selenium-http-4.0.0-alpha-6.jar:/Users/vinayakkaladhar/.m2/repository/org/seleniumhq/selenium/selenium-json/4.0.0-alpha-6/selenium-json-4.0.0-alpha-6.jar:/Users/vinayakkaladhar/.m2/repository/org/seleniumhq/selenium/selenium-edge-driver/4.0.0-alpha-6/selenium-edge-driver-4.0.0-alpha-6.jar:/Users/vinayakkaladhar/.m2/repository/org/seleniumhq/selenium/selenium-edgehtml-driver/4.0.0-alpha-6/selenium-edgehtml-driver-4.0.0-alpha-6.jar:/Users/vinayakkaladhar/.m2/repository/org/seleniumhq/selenium/selenium-firefox-driver/4.0.0-alpha-6/selenium-firefox-driver-4.0.0-alpha-6.jar:/Users/vinayakkaladhar/.m2/repository/org/seleniumhq/selenium/selenium-firefox-xpi-driver/4.0.0-alpha-6/selenium-firefox-xpi-driver-4.0.0-alpha-6.jar:/Users/vinayakkaladhar/.m2/repository/org/seleniumhq/selenium/selenium-ie-driver/4.0.0-alpha-6/selenium-ie-driver-4.0.0-alpha-6.jar:/Users/vinayakkaladhar/.m2/repository/org/seleniumhq/selenium/selenium-opera-driver/4.0.0-alpha-6/selenium-opera-driver-4.0.0-alpha-6.jar:/Users/vinayakkaladhar/.m2/repository/org/seleniumhq/selenium/selenium-remote-driver/4.0.0-alpha-6/selenium-remote-driver-4.0.0-alpha-6.jar:/Users/vinayakkaladhar/.m2/repository/com/squareup/okhttp3/okhttp/4.5.0/okhttp-4.5.0.jar:/Users/vinayakkaladhar/.m2/repository/org/jetbrains/kotlin/kotlin-stdlib/1.3.70/kotlin-stdlib-1.3.70.jar:/Users/vinayakkaladhar/.m2/repository/org/jetbrains/annotations/13.0/annotations-13.0.jar:/Users/vinayakkaladhar/.m2/repository/com/squareup/okio/okio/2.6.0/okio-2.6.0.jar:/Users/vinayakkaladhar/.m2/repository/org/jetbrains/kotlin/kotlin-stdlib-common/1.3.70/kotlin-stdlib-common-1.3.70.jar:/Users/vinayakkaladhar/.m2/repository/com/typesafe/netty/netty-reactive-streams/2.0.4/netty-reactive-streams-2.0.4.jar:/Users/vinayakkaladhar/.m2/repository/io/netty/netty-handler/4.1.43.Final/netty-handler-4.1.43.Final.jar:/Users/vinayakkaladhar/.m2/repository/org/reactivestreams/reactive-streams/1.0.3/reactive-streams-1.0.3.jar:/Users/vinayakkaladhar/.m2/repository/io/grpc/grpc-context/1.28.0/grpc-context-1.28.0.jar:/Users/vinayakkaladhar/.m2/repository/io/netty/netty-buffer/4.1.49.Final/netty-buffer-4.1.49.Final.jar:/Users/vinayakkaladhar/.m2/repository/io/netty/netty-common/4.1.49.Final/netty-common-4.1.49.Final.jar:/Users/vinayakkaladhar/.m2/repository/io/netty/netty-codec-http/4.1.49.Final/netty-codec-http-4.1.49.Final.jar:/Users/vinayakkaladhar/.m2/repository/io/netty/netty-codec/4.1.49.Final/netty-codec-4.1.49.Final.jar:/Users/vinayakkaladhar/.m2/repository/io/netty/netty-transport-native-epoll/4.1.49.Final/netty-transport-native-epoll-4.1.49.Final.jar:/Users/vinayakkaladhar/.m2/repository/io/netty/netty-transport-native-epoll/4.1.49.Final/netty-transport-native-epoll-4.1.49.Final-linux-x86_64.jar:/Users/vinayakkaladhar/.m2/repository/io/netty/netty-transport-native-kqueue/4.1.49.Final/netty-transport-native-kqueue-4.1.49.Final.jar:/Users/vinayakkaladhar/.m2/repository/io/netty/netty-transport-native-kqueue/4.1.49.Final/netty-transport-native-kqueue-4.1.49.Final-osx-x86_64.jar:/Users/vinayakkaladhar/.m2/repository/io/netty/netty-transport-native-unix-common/4.1.49.Final/netty-transport-native-unix-common-4.1.49.Final.jar:/Users/vinayakkaladhar/.m2/repository/io/netty/netty-transport/4.1.49.Final/netty-transport-4.1.49.Final.jar:/Users/vinayakkaladhar/.m2/repository/io/netty/netty-resolver/4.1.49.Final/netty-resolver-4.1.49.Final.jar:/Users/vinayakkaladhar/.m2/repository/io/opentelemetry/opentelemetry-api/0.4.0/opentelemetry-api-0.4.0.jar:/Users/vinayakkaladhar/.m2/repository/io/opentelemetry/opentelemetry-context-prop/0.4.0/opentelemetry-context-prop-0.4.0.jar:/Users/vinayakkaladhar/.m2/repository/io/opentelemetry/opentelemetry-sdk/0.4.0/opentelemetry-sdk-0.4.0.jar:/Users/vinayakkaladhar/.m2/repository/io/projectreactor/netty/reactor-netty/0.9.6.RELEASE/reactor-netty-0.9.6.RELEASE.jar:/Users/vinayakkaladhar/.m2/repository/io/netty/netty-codec-http2/4.1.48.Final/netty-codec-http2-4.1.48.Final.jar:/Users/vinayakkaladhar/.m2/repository/io/netty/netty-handler-proxy/4.1.48.Final/netty-handler-proxy-4.1.48.Final.jar:/Users/vinayakkaladhar/.m2/repository/io/projectreactor/reactor-core/3.3.5.RELEASE/reactor-core-3.3.5.RELEASE.jar:/Users/vinayakkaladhar/.m2/repository/net/bytebuddy/byte-buddy/1.10.9/byte-buddy-1.10.9.jar:/Users/vinayakkaladhar/.m2/repository/org/apache/commons/commons-exec/1.3/commons-exec-1.3.jar:/Users/vinayakkaladhar/.m2/repository/org/asynchttpclient/async-http-client/2.12.1/async-http-client-2.12.1.jar:/Users/vinayakkaladhar/.m2/repository/org/asynchttpclient/async-http-client-netty-utils/2.12.1/async-http-client-netty-utils-2.12.1.jar:/Users/vinayakkaladhar/.m2/repository/io/netty/netty-codec-socks/4.1.48.Final/netty-codec-socks-4.1.48.Final.jar:/Users/vinayakkaladhar/.m2/repository/com/sun/activation/javax.activation/1.2.0/javax.activation-1.2.0.jar:/Users/vinayakkaladhar/.m2/repository/org/seleniumhq/selenium/selenium-safari-driver/4.0.0-alpha-6/selenium-safari-driver-4.0.0-alpha-6.jar:/Users/vinayakkaladhar/.m2/repository/org/seleniumhq/selenium/selenium-support/4.0.0-alpha-6/selenium-support-4.0.0-alpha-6.jar:/Users/vinayakkaladhar/.m2/repository/org/testng/testng/7.1.0/testng-7.1.0.jar:/Users/vinayakkaladhar/.m2/repository/com/google/inject/guice/4.1.0/guice-4.1.0-no_aop.jar:/Users/vinayakkaladhar/.m2/repository/org/yaml/snakeyaml/1.21/snakeyaml-1.21.jar:/Users/vinayakkaladhar/.m2/repository/log4j/log4j/1.2.17/log4j-1.2.17.jar:/Users/vinayakkaladhar/.m2/repository/org/uncommons/reportng/1.1.4/reportng-1.1.4.jar:/Users/vinayakkaladhar/.m2/repository/velocity/velocity/1.4/velocity-1.4.jar:/Users/vinayakkaladhar/.m2/repository/com/google/inject/guice/4.0/guice-4.0.jar:/Users/vinayakkaladhar/.m2/repository/javax/inject/javax.inject/1/javax.inject-1.jar:/Users/vinayakkaladhar/.m2/repository/aopalliance/aopalliance/1.0/aopalliance-1.0.jar:/Users/vinayakkaladhar/.m2/repository/velocity/velocity-dep/1.3.1/velocity-dep-1.3.1.jar:/Users/vinayakkaladhar/.m2/repository/io/github/bonigarcia/webdrivermanager/5.3.1/webdrivermanager-5.3.1.jar:/Users/vinayakkaladhar/.m2/repository/org/slf4j/slf4j-api/2.0.3/slf4j-api-2.0.3.jar:/Users/vinayakkaladhar/.m2/repository/com/google/code/gson/gson/2.10/gson-2.10.jar:/Users/vinayakkaladhar/.m2/repository/com/github/docker-java/docker-java/3.2.13/docker-java-3.2.13.jar:/Users/vinayakkaladhar/.m2/repository/com/github/docker-java/docker-java-core/3.2.13/docker-java-core-3.2.13.jar:/Users/vinayakkaladhar/.m2/repository/com/github/docker-java/docker-java-api/3.2.13/docker-java-api-3.2.13.jar:/Users/vinayakkaladhar/.m2/repository/com/fasterxml/jackson/core/jackson-annotations/2.10.3/jackson-annotations-2.10.3.jar:/Users/vinayakkaladhar/.m2/repository/org/apache/commons/commons-compress/1.21/commons-compress-1.21.jar:/Users/vinayakkaladhar/.m2/repository/com/fasterxml/jackson/core/jackson-databind/2.10.3/jackson-databind-2.10.3.jar:/Users/vinayakkaladhar/.m2/repository/com/fasterxml/jackson/core/jackson-core/2.10.3/jackson-core-2.10.3.jar:/Users/vinayakkaladhar/.m2/repository/org/bouncycastle/bcpkix-jdk15on/1.64/bcpkix-jdk15on-1.64.jar:/Users/vinayakkaladhar/.m2/repository/org/slf4j/jcl-over-slf4j/1.7.30/jcl-over-slf4j-1.7.30.jar:/Users/vinayakkaladhar/.m2/repository/com/github/docker-java/docker-java-transport-httpclient5/3.2.13/docker-java-transport-httpclient5-3.2.13.jar:/Users/vinayakkaladhar/.m2/repository/com/github/docker-java/docker-java-transport/3.2.13/docker-java-transport-3.2.13.jar:/Users/vinayakkaladhar/.m2/repository/net/java/dev/jna/jna/5.8.0/jna-5.8.0.jar:/Users/vinayakkaladhar/.m2/repository/org/brotli/dec/0.1.2/dec-0.1.2.jar:/Users/vinayakkaladhar/.m2/repository/org/apache/commons/commons-lang3/3.12.0/commons-lang3-3.12.0.jar:/Users/vinayakkaladhar/.m2/repository/org/apache/httpcomponents/client5/httpclient5/5.1.3/httpclient5-5.1.3.jar:/Users/vinayakkaladhar/.m2/repository/org/apache/httpcomponents/core5/httpcore5/5.1.3/httpcore5-5.1.3.jar:/Users/vinayakkaladhar/.m2/repository/org/apache/httpcomponents/core5/httpcore5-h2/5.1.3/httpcore5-h2-5.1.3.jar:/Users/vinayakkaladhar/.m2/repository/org/apache/maven/surefire/surefire-testng/3.0.0-M5/surefire-testng-3.0.0-M5.jar:/Users/vinayakkaladhar/.m2/repository/org/apache/maven/surefire/common-java5/3.0.0-M5/common-java5-3.0.0-M5.jar:/Users/vinayakkaladhar/.m2/repository/org/apache/maven/surefire/surefire-shared-utils/3.0.0-M4/surefire-shared-utils-3.0.0-M4.jar:/Users/vinayakkaladhar/.m2/repository/org/apache/maven/surefire/surefire-testng-utils/3.0.0-M5/surefire-testng-utils-3.0.0-M5.jar:/Users/vinayakkaladhar/.m2/repository/org/apache/maven/surefire/surefire-grouper/3.0.0-M5/surefire-grouper-3.0.0-M5.jar:/Users/vinayakkaladhar/.m2/repository/org/apache/maven/surefire/surefire-api/3.0.0-M5/surefire-api-3.0.0-M5.jar:/Users/vinayakkaladhar/.m2/repository/org/apache/maven/surefire/surefire-logger-api/3.0.0-M5/surefire-logger-api-3.0.0-M5.jar:/Users/vinayakkaladhar/.m2/repository/com/google/guava/guava/22.0/guava-22.0.jar:/Users/vinayakkaladhar/.m2/repository/com/google/code/findbugs/jsr305/1.3.9/jsr305-1.3.9.jar:/Users/vinayakkaladhar/.m2/repository/com/google/errorprone/error_prone_annotations/2.0.18/error_prone_annotations-2.0.18.jar:/Users/vinayakkaladhar/.m2/repository/com/google/j2objc/j2objc-annotations/1.1/j2objc-annotations-1.1.jar:/Users/vinayakkaladhar/.m2/repository/org/codehaus/mojo/animal-sniffer-annotations/1.14/animal-sniffer-annotations-1.14.jar:/Users/vinayakkaladhar/.m2/repository/io/rest-assured/rest-assured/4.3.0/rest-assured-4.3.0.jar:/Users/vinayakkaladhar/.m2/repository/org/codehaus/groovy/groovy/3.0.2/groovy-3.0.2.jar:/Users/vinayakkaladhar/.m2/repository/org/codehaus/groovy/groovy-xml/3.0.2/groovy-xml-3.0.2.jar:/Users/vinayakkaladhar/.m2/repository/org/apache/httpcomponents/httpclient/4.5.3/httpclient-4.5.3.jar:/Users/vinayakkaladhar/.m2/repository/org/apache/httpcomponents/httpcore/4.4.6/httpcore-4.4.6.jar:/Users/vinayakkaladhar/.m2/repository/commons-logging/commons-logging/1.2/commons-logging-1.2.jar:/Users/vinayakkaladhar/.m2/repository/org/apache/httpcomponents/httpmime/4.5.3/httpmime-4.5.3.jar:/Users/vinayakkaladhar/.m2/repository/org/hamcrest/hamcrest/2.1/hamcrest-2.1.jar:/Users/vinayakkaladhar/.m2/repository/org/ccil/cowan/tagsoup/tagsoup/1.2.1/tagsoup-1.2.1.jar:/Users/vinayakkaladhar/.m2/repository/io/rest-assured/json-path/4.3.0/json-path-4.3.0.jar:/Users/vinayakkaladhar/.m2/repository/org/codehaus/groovy/groovy-json/3.0.2/groovy-json-3.0.2.jar:/Users/vinayakkaladhar/.m2/repository/io/rest-assured/rest-assured-common/4.3.0/rest-assured-common-4.3.0.jar:/Users/vinayakkaladhar/.m2/repository/io/rest-assured/xml-path/4.3.0/xml-path-4.3.0.jar:/Users/vinayakkaladhar/.m2/repository/jakarta/xml/bind/jakarta.xml.bind-api/2.3.2/jakarta.xml.bind-api-2.3.2.jar:/Users/vinayakkaladhar/.m2/repository/jakarta/activation/jakarta.activation-api/1.2.1/jakarta.activation-api-1.2.1.jar:/Users/vinayakkaladhar/.m2/repository/com/sun/xml/bind/jaxb-osgi/2.3.0.1/jaxb-osgi-2.3.0.1.jar:/Users/vinayakkaladhar/.m2/repository/org/apache/sling/org.apache.sling.javax.activation/0.1.0/org.apache.sling.javax.activation-0.1.0.jar:/Users/vinayakkaladhar/.m2/repository/javax/activation/activation/1.1.1/activation-1.1.1.jar:/Users/vinayakkaladhar/.m2/repository/com/gembox/gembox-spreadsheet/1.1.1173/gembox-spreadsheet-1.1.1173.jar:/Users/vinayakkaladhar/.m2/repository/commons-codec/commons-codec/1.11/commons-codec-1.11.jar:/Users/vinayakkaladhar/.m2/repository/org/apache/commons/commons-collections4/4.1/commons-collections4-4.1.jar:/Users/vinayakkaladhar/.m2/repository/org/apache/poi/ooxml-security/1.0/ooxml-security-1.0.jar:/Users/vinayakkaladhar/.m2/repository/org/bouncycastle/bcprov-jdk15on/1.59/bcprov-jdk15on-1.59.jar:/Users/vinayakkaladhar/.m2/repository/ru/yandex/qatools/ashot/ashot/1.5.4/ashot-1.5.4.jar:/Users/vinayakkaladhar/.m2/repository/commons-io/commons-io/2.5/commons-io-2.5.jar:/Users/vinayakkaladhar/.m2/repository/org/hamcrest/hamcrest-core/1.3/hamcrest-core-1.3.jar:/Users/vinayakkaladhar/.m2/repository/io/cucumber/cucumber-java/5.0.0/cucumber-java-5.0.0.jar:/Users/vinayakkaladhar/.m2/repository/io/cucumber/cucumber-core/5.0.0/cucumber-core-5.0.0.jar:/Users/vinayakkaladhar/.m2/repository/io/cucumber/cucumber-gherkin/5.0.0/cucumber-gherkin-5.0.0.jar:/Users/vinayakkaladhar/.m2/repository/io/cucumber/cucumber-gherkin-vintage/5.0.0/cucumber-gherkin-vintage-5.0.0.jar:/Users/vinayakkaladhar/.m2/repository/io/cucumber/tag-expressions/2.0.4/tag-expressions-2.0.4.jar:/Users/vinayakkaladhar/.m2/repository/io/cucumber/cucumber-expressions/8.3.1/cucumber-expressions-8.3.1.jar:/Users/vinayakkaladhar/.m2/repository/io/cucumber/datatable/3.2.0/datatable-3.2.0.jar:/Users/vinayakkaladhar/.m2/repository/io/cucumber/cucumber-plugin/5.0.0/cucumber-plugin-5.0.0.jar:/Users/vinayakkaladhar/.m2/repository/io/cucumber/docstring/5.0.0/docstring-5.0.0.jar:/Users/vinayakkaladhar/.m2/repository/org/apiguardian/apiguardian-api/1.1.0/apiguardian-api-1.1.0.jar:/Users/vinayakkaladhar/.m2/repository/io/cucumber/gherkin/5.0.0/gherkin-5.0.0.jar:/Users/vinayakkaladhar/.m2/repository/io/cucumber/gherkin-jvm-deps/1.0.4/gherkin-jvm-deps-1.0.4.jar:/Users/vinayakkaladhar/.m2/repository/io/cucumber/cucumber-testng/5.0.0/cucumber-testng-5.0.0.jar:/Users/vinayakkaladhar/.m2/repository/org/apache/poi/poi-ooxml/3.14-beta1/poi-ooxml-3.14-beta1.jar:/Users/vinayakkaladhar/.m2/repository/com/github/virtuald/curvesapi/1.03/curvesapi-1.03.jar:/Users/vinayakkaladhar/.m2/repository/org/apache/poi/poi-ooxml-schemas/3.14-beta1/poi-ooxml-schemas-3.14-beta1.jar:/Users/vinayakkaladhar/.m2/repository/org/apache/xmlbeans/xmlbeans/2.6.0/xmlbeans-2.6.0.jar:/Users/vinayakkaladhar/.m2/repository/stax/stax-api/1.0.1/stax-api-1.0.1.jar:/Users/vinayakkaladhar/.m2/repository/org/apache/poi/poi/3.14-beta1/poi-3.14-beta1.jar:/Users/vinayakkaladhar/.m2/repository/com/beust/jcommander/1.72/jcommander-1.72.jar:/Users/vinayakkaladhar/.m2/repository/com/vaadin/external/google/android-json/0.0.20131108.vaadin1/android-json-0.0.20131108.vaadin1.jar:"/>
    <property name="sun.cpu.endian" value="little"/>
    <property name="user.home" value="/Users/vinayakkaladhar"/>
    <property name="user.language" value="en"/>
    <property name="java.specification.vendor" value="Oracle Corporation"/>
    <property name="java.version.date" value="2022-02-08"/>
    <property name="java.home" value="/Users/vinayakkaladhar/Library/Java/JavaVirtualMachines/corretto-11.0.14.1/Contents/Home"/>
    <property name="file.separator" value="/"/>
    <property name="basedir" value="/Users/vinayakkaladhar/work/Puffy/selenium"/>
    <property name="java.vm.compressedOopsMode" value="Zero based"/>
    <property name="line.separator" value="&#10;"/>
    <property name="java.specification.name" value="Java Platform API Specification"/>
    <property name="java.vm.specification.vendor" value="Oracle Corporation"/>
    <property name="java.awt.graphicsenv" value="sun.awt.CGraphicsEnvironment"/>
    <property name="surefire.real.class.path" value="/Users/vinayakkaladhar/work/Puffy/selenium/target/surefire/surefirebooter374311546403649806.jar"/>
    <property name="sun.management.compiler" value="HotSpot 64-Bit Tiered Compilers"/>
    <property name="java.runtime.version" value="11.0.14.1+10-LTS"/>
    <property name="user.name" value="vinayakkaladhar"/>
    <property name="path.separator" value=":"/>
    <property name="os.version" value="11.3.1"/>
    <property name="java.runtime.name" value="OpenJDK Runtime Environment"/>
    <property name="file.encoding" value="US-ASCII"/>
    <property name="browser" value="chrome"/>
    <property name="sun.nio.ch.bugLevel" value=""/>
    <property name="java.vm.name" value="OpenJDK 64-Bit Server VM"/>
    <property name="java.vendor.version" value="Corretto-11.0.14.10.1"/>
    <property name="localRepository" value="/Users/vinayakkaladhar/.m2/repository"/>
    <property name="java.vendor.url.bug" value="https://github.com/corretto/corretto-11/issues/"/>
    <property name="java.io.tmpdir" value="/var/folders/xx/mjnyh9b14qz2htqkz2myqrt00000gp/T/"/>
    <property name="java.version" value="11.0.14.1"/>
    <property name="user.dir" value="/Users/vinayakkaladhar/work/Puffy/selenium"/>
    <property name="os.arch" value="x86_64"/>
    <property name="java.vm.specification.name" value="Java Virtual Machine Specification"/>
    <property name="java.awt.printerjob" value="sun.lwawt.macosx.CPrinterJob"/>
    <property name="sun.os.patch.level" value="unknown"/>
    <property name="java.library.path" value="/Users/vinayakkaladhar/Library/Java/Extensions:/Library/Java/Extensions:/Network/Library/Java/Extensions:/System/Library/Java/Extensions:/usr/lib/java:."/>
    <property name="java.vm.info" value="mixed mode"/>
    <property name="java.vendor" value="Amazon.com Inc."/>
    <property name="java.vm.version" value="11.0.14.1+10-LTS"/>
    <property name="sun.io.unicode.encoding" value="UnicodeBig"/>
    <property name="java.class.version" value="55.0"/>
  </properties>
  <testcase name="verifyCheckoutFromProductsAddedToCart" classname="OrderPlacement" time="18.708">
    <system-out><![CDATA[******OrderPlacement.java*********
******OrderPlacement.java*********
]]></system-out>
    <system-err><![CDATA[SLF4J: No SLF4J providers were found.
SLF4J: Defaulting to no-operation (NOP) logger implementation
SLF4J: See https://www.slf4j.org/codes.html#noProviders for further details.
log4j:WARN No appenders could be found for logger (io.netty.util.internal.logging.InternalLoggerFactory).
log4j:WARN Please initialize the log4j system properly.
log4j:WARN See http://logging.apache.org/log4j/1.2/faq.html#noconfig for more info.
Starting ChromeDriver 108.0.5359.71 (1e0e3868ee06e91ad636a874420e3ca3ae3756ac-refs/branch-heads/5359@{#1016}) on port 8719
Only local connections are allowed.
Please see https://chromedriver.chromium.org/security-considerations for suggestions on keeping ChromeDriver safe.
ChromeDriver was started successfully.
Dec 31, 2022 11:28:31 AM org.openqa.selenium.remote.ProtocolHandshake createSession
INFO: Detected dialect: W3C
]]></system-err>
  </testcase>
  <testcase name="verifyDefaultSelectedProductSpecs" classname="OrderPlacement" time="2.99"/>
  <testcase name="verifyDeliveryStatusAndEstimatedDeliveryDate" classname="OrderPlacement" time="2.038"/>
  <testcase name="verifyDifferentSizesOfSameProductCanBeSelected[Twin XL, twin-xl, 38&quot;W x 80&quot;L x 12&quot;H, $1,799](1)" classname="OrderPlacement" time="2.303"/>
  <testcase name="verifyDifferentSizesOfSameProductCanBeSelected[Full, full, 54&quot;W x 75&quot;L x 12&quot;H, $2,049](2)" classname="OrderPlacement" time="2.42"/>
  <testcase name="verifyDifferentSizesOfSameProductCanBeSelected[Queen, queen, 60&quot;W x 80&quot;L x 12&quot;H, $2,249](3)" classname="OrderPlacement" time="2.57"/>
  <testcase name="verifyDifferentSizesOfSameProductCanBeSelected[King, king, 76&quot;W x 80&quot;L x 12&quot;H, $2,449](4)" classname="OrderPlacement" time="2.505"/>
  <testcase name="verifyDifferentSizesOfSameProductCanBeSelected[Cal King, cal-king, 72&quot;W x 84&quot;L x 12&quot;H, $2,449](5)" classname="OrderPlacement" time="2.506"/>
  <testcase name="verifyDifferentSizesOfSameProductCanBeSelected[Split King, split-king, 2 - 38&quot;W x 80&quot;L x 12&quot;H, $3,598](6)" classname="OrderPlacement" time="2.999"/>
  <testcase name="verifyFreeAddonsAndPricePassedFromListingToCheckoutScreen" classname="OrderPlacement" time="10.53">
    <failure message="Could not initialize class org.openqa.selenium.WebDriverException" type="java.lang.NoClassDefFoundError"><![CDATA[java.lang.NoClassDefFoundError: Could not initialize class org.openqa.selenium.WebDriverException
]]></failure>
    <system-out><![CDATA[*** Placed screen shot in ./ ***
*** Placed screen shot in ./ ***
]]></system-out>
  </testcase>
  <testcase name="verifyImageAndVideoSlidesOnSelection" classname="OrderPlacement" time="3.489"/>
  <testcase name="verifyMultipleProductsCanBeAddedToCart" classname="OrderPlacement" time="11.412">
    <failure message="User is able to add multiple products to cart for future purchase expected [true] but found [false]" type="java.lang.AssertionError"><![CDATA[java.lang.AssertionError: User is able to add multiple products to cart for future purchase expected [true] but found [false]
	at OrderPlacement.verifyMultipleProductsCanBeAddedToCart(OrderPlacement.java:82)
]]></failure>
    <system-out><![CDATA[*** Placed screen shot in ./ ***
*** Placed screen shot in ./ ***
]]></system-out>
  </testcase>
  <testcase name="verifyProductCanBeCheckedOutUsingBuyNow" classname="OrderPlacement" time="9.809">
    <failure message="Could not initialize class org.openqa.selenium.NoSuchElementException" type="java.lang.NoClassDefFoundError"><![CDATA[java.lang.NoClassDefFoundError: Could not initialize class org.openqa.selenium.NoSuchElementException
]]></failure>
    <system-out><![CDATA[*** Placed screen shot in ./ ***
*** Placed screen shot in ./ ***
]]></system-out>
  </testcase>
  <testcase name="verifyProductFeaturesAndReasonsToBuy" classname="OrderPlacement" time="3.681"/>
  <testcase name="verifyProductIsListedOnUsingDeepLink" classname="OrderPlacement" time="2.223"/>
  <testcase name="verifyProductReviewsRatingAndFAQs" classname="OrderPlacement" time="7.228"/>
</testsuite>