<?xml version="1.0" encoding="UTF-8"?>
<!-- Generated by org.testng.reporters.JUnitReportReporter -->
<testsuite hostname="Vinayak-Kaladhar" failures="1" tests="16" name="OrderPlacement" time="74.690" errors="2" timestamp="2022-12-31T11:30:00 IST" skipped="0">
  <testcase classname="OrderPlacement" name="verifyDifferentSizesOfSameProductCanBeSelected" time="2.524"/>
  <system-out>
Navigated to: https://puffy.com/products/puffy-lux-mattress Clicked on model: King Product size is displayed as: 76"W x 80"L x 12"H Product price is displayed as: $2,449  </system-out>
  <testcase classname="OrderPlacement" name="verifyDifferentSizesOfSameProductCanBeSelected" time="2.595"/>
  <system-out>
Navigated to: https://puffy.com/products/puffy-lux-mattress Clicked on model: Queen Product size is displayed as: 60"W x 80"L x 12"H Product price is displayed as: $2,249  </system-out>
  <testcase classname="OrderPlacement" name="verifyDifferentSizesOfSameProductCanBeSelected" time="2.445"/>
  <system-out>
Navigated to: https://puffy.com/products/puffy-lux-mattress Clicked on model: Full Product size is displayed as: 54"W x 75"L x 12"H Product price is displayed as: $2,049  </system-out>
  <testcase classname="OrderPlacement" name="verifyMultipleProductsCanBeAddedToCart" time="9.076">
    <failure message="User is able to add multiple products to cart for future purchase expected [true] but found [false]" type="java.lang.AssertionError">
      <![CDATA[java.lang.AssertionError: User is able to add multiple products to cart for future purchase expected [true] but found [false]
at org.testng.Assert.fail(Assert.java:97)
at org.testng.Assert.failNotEquals(Assert.java:969)
at org.testng.Assert.assertTrue(Assert.java:43)
at OrderPlacement.verifyMultipleProductsCanBeAddedToCart(OrderPlacement.java:82)
at java.base/jdk.internal.reflect.NativeMethodAccessorImpl.invoke0(Native Method)
at java.base/jdk.internal.reflect.NativeMethodAccessorImpl.invoke(NativeMethodAccessorImpl.java:62)
at java.base/jdk.internal.reflect.DelegatingMethodAccessorImpl.invoke(DelegatingMethodAccessorImpl.java:43)
at java.base/java.lang.reflect.Method.invoke(Method.java:566)
at org.testng.internal.MethodInvocationHelper.invokeMethod(MethodInvocationHelper.java:134)
at org.testng.internal.TestInvoker.invokeMethod(TestInvoker.java:597)
at org.testng.internal.TestInvoker.invokeTestMethod(TestInvoker.java:173)
at org.testng.internal.MethodRunner.runInSequence(MethodRunner.java:46)
at org.testng.internal.TestInvoker$MethodInvocationAgent.invoke(TestInvoker.java:816)
at org.testng.internal.TestInvoker.invokeTestMethods(TestInvoker.java:146)
at org.testng.internal.TestMethodWorker.invokeTestMethods(TestMethodWorker.java:146)
at org.testng.internal.TestMethodWorker.run(TestMethodWorker.java:128)
at java.base/java.util.concurrent.ThreadPoolExecutor.runWorker(ThreadPoolExecutor.java:1128)
at java.base/java.util.concurrent.ThreadPoolExecutor$Worker.run(ThreadPoolExecutor.java:628)
at java.base/java.lang.Thread.run(Thread.java:829)
]]>
    </failure>
  </testcase> <!-- verifyMultipleProductsCanBeAddedToCart -->
  <system-out>
Navigated to: https://puffy.com/products/puffy-lux-mattress Product has been added to cart first time with items in cart count: 1 Product has been added to cart second time  <a href='/selenium/screenshots/verifyMultipleProductsCanBeAddedToCart1672466375818.png'> <img src='/selenium/screenshots/verifyMultipleProductsCanBeAddedToCart1672466375818.png' height='400' width='800'/> </a>    <a href='/selenium/screenshots/verifyMultipleProductsCanBeAddedToCart1672466377017.png'> <img src='/selenium/screenshots/verifyMultipleProductsCanBeAddedToCart1672466377017.png' height='400' width='800'/> </a>    </system-out>
  <testcase classname="OrderPlacement" name="verifyDefaultSelectedProductSpecs" time="3.019"/>
  <system-out>
Navigated to: https://puffy.com/products/puffy-lux-mattress Default model Twin is selected Verified default model: Twin specifications  </system-out>
  <testcase classname="OrderPlacement" name="verifyDifferentSizesOfSameProductCanBeSelected" time="6.537"/>
  <system-out>
Navigated to: https://puffy.com/products/puffy-lux-mattress Clicked on model: Cal King Product size is displayed as: 72"W x 84"L x 12"H Product price is displayed as: $2,449  </system-out>
  <testcase classname="OrderPlacement" name="verifyProductFeaturesAndReasonsToBuy" time="3.701"/>
  <system-out>
Navigated to: https://puffy.com/products/puffy-lux-mattress  </system-out>
  <testcase classname="OrderPlacement" name="verifyProductCanBeCheckedOutUsingBuyNow" time="3.086">
    <error message="Could not initialize class org.openqa.selenium.NoSuchElementException" type="java.lang.NoClassDefFoundError">
      <![CDATA[java.lang.NoClassDefFoundError: Could not initialize class org.openqa.selenium.NoSuchElementException
at java.base/jdk.internal.reflect.NativeConstructorAccessorImpl.newInstance0(Native Method)
at java.base/jdk.internal.reflect.NativeConstructorAccessorImpl.newInstance(NativeConstructorAccessorImpl.java:62)
at java.base/jdk.internal.reflect.DelegatingConstructorAccessorImpl.newInstance(DelegatingConstructorAccessorImpl.java:45)
at java.base/java.lang.reflect.Constructor.newInstance(Constructor.java:490)
at org.openqa.selenium.remote.codec.w3c.W3CHttpResponseCodec.createException(W3CHttpResponseCodec.java:196)
at org.openqa.selenium.remote.codec.w3c.W3CHttpResponseCodec.decode(W3CHttpResponseCodec.java:129)
at org.openqa.selenium.remote.codec.w3c.W3CHttpResponseCodec.decode(W3CHttpResponseCodec.java:53)
at org.openqa.selenium.remote.HttpCommandExecutor.execute(HttpCommandExecutor.java:160)
at org.openqa.selenium.remote.service.DriverCommandExecutor.execute(DriverCommandExecutor.java:83)
at org.openqa.selenium.remote.RemoteWebDriver.execute(RemoteWebDriver.java:582)
at org.openqa.selenium.remote.RemoteWebDriver.findElement(RemoteWebDriver.java:333)
at org.openqa.selenium.remote.RemoteWebDriver.findElementById(RemoteWebDriver.java:381)
at org.openqa.selenium.By$ById.findElement(By.java:194)
at org.openqa.selenium.remote.RemoteWebDriver.findElement(RemoteWebDriver.java:325)
at org.openqa.selenium.support.pagefactory.DefaultElementLocator.findElement(DefaultElementLocator.java:70)
at org.openqa.selenium.support.pagefactory.internal.LocatingElementHandler.invoke(LocatingElementHandler.java:39)
at com.sun.proxy.$Proxy17.isDisplayed(Unknown Source)
at org.openqa.selenium.support.ui.ExpectedConditions.elementIfVisible(ExpectedConditions.java:314)
at org.openqa.selenium.support.ui.ExpectedConditions.access$000(ExpectedConditions.java:43)
at org.openqa.selenium.support.ui.ExpectedConditions$10.apply(ExpectedConditions.java:300)
at org.openqa.selenium.support.ui.ExpectedConditions$10.apply(ExpectedConditions.java:297)
at org.openqa.selenium.support.ui.FluentWait.lambda$checkConditionInLoop$2(FluentWait.java:233)
at java.base/java.util.concurrent.CompletableFuture$AsyncSupply.run(CompletableFuture.java:1700)
at java.base/java.util.concurrent.CompletableFuture$AsyncSupply.exec(CompletableFuture.java:1692)
at java.base/java.util.concurrent.ForkJoinTask.doExec(ForkJoinTask.java:290)
at java.base/java.util.concurrent.ForkJoinPool$WorkQueue.topLevelExec(ForkJoinPool.java:1020)
at java.base/java.util.concurrent.ForkJoinPool.scan(ForkJoinPool.java:1656)
at java.base/java.util.concurrent.ForkJoinPool.runWorker(ForkJoinPool.java:1594)
at java.base/java.util.concurrent.ForkJoinWorkerThread.run(ForkJoinWorkerThread.java:183)
]]>
    </error>
  </testcase> <!-- verifyProductCanBeCheckedOutUsingBuyNow -->
  <system-out>
Navigated to: https://puffy.com/products/puffy-lux-mattress Product has been checked out using Buy Now option  <a href='/selenium/screenshots/verifyProductCanBeCheckedOutUsingBuyNow1672466381070.png'> <img src='/selenium/screenshots/verifyProductCanBeCheckedOutUsingBuyNow1672466381070.png' height='400' width='800'/> </a>    <a href='/selenium/screenshots/verifyProductCanBeCheckedOutUsingBuyNow1672466386847.png'> <img src='/selenium/screenshots/verifyProductCanBeCheckedOutUsingBuyNow1672466386847.png' height='400' width='800'/> </a>    </system-out>
  <testcase classname="OrderPlacement" name="verifyCheckoutFromProductsAddedToCart" time="18.734"/>
  <system-out>
Navigated to: https://puffy.com/products/puffy-lux-mattress Clicked on items added to cart  </system-out>
  <testcase classname="OrderPlacement" name="verifyProductReviewsRatingAndFAQs" time="7.251"/>
  <system-out>
Navigated to: https://puffy.com/products/puffy-lux-mattress Product rating is displayed as >= 4 Review and FAQ sections are displayed  </system-out>
  <testcase classname="OrderPlacement" name="verifyDifferentSizesOfSameProductCanBeSelected" time="2.328"/>
  <system-out>
Navigated to: https://puffy.com/products/puffy-lux-mattress Clicked on model: Twin XL Product size is displayed as: 38"W x 80"L x 12"H Product price is displayed as: $1,799  </system-out>
  <testcase classname="OrderPlacement" name="verifyFreeAddonsAndPricePassedFromListingToCheckoutScreen" time="2.507">
    <error message="Could not initialize class org.openqa.selenium.WebDriverException" type="java.lang.NoClassDefFoundError">
      <![CDATA[java.lang.NoClassDefFoundError: Could not initialize class org.openqa.selenium.WebDriverException
at java.base/jdk.internal.reflect.NativeConstructorAccessorImpl.newInstance0(Native Method)
at java.base/jdk.internal.reflect.NativeConstructorAccessorImpl.newInstance(NativeConstructorAccessorImpl.java:62)
at java.base/jdk.internal.reflect.DelegatingConstructorAccessorImpl.newInstance(DelegatingConstructorAccessorImpl.java:45)
at java.base/java.lang.reflect.Constructor.newInstance(Constructor.java:490)
at org.openqa.selenium.remote.codec.w3c.W3CHttpResponseCodec.createException(W3CHttpResponseCodec.java:196)
at org.openqa.selenium.remote.codec.w3c.W3CHttpResponseCodec.decode(W3CHttpResponseCodec.java:129)
at org.openqa.selenium.remote.codec.w3c.W3CHttpResponseCodec.decode(W3CHttpResponseCodec.java:53)
at org.openqa.selenium.remote.HttpCommandExecutor.execute(HttpCommandExecutor.java:160)
at org.openqa.selenium.remote.service.DriverCommandExecutor.execute(DriverCommandExecutor.java:83)
at org.openqa.selenium.remote.RemoteWebDriver.execute(RemoteWebDriver.java:582)
at org.openqa.selenium.remote.RemoteWebDriver.findElement(RemoteWebDriver.java:333)
at org.openqa.selenium.remote.RemoteWebDriver.findElementById(RemoteWebDriver.java:381)
at org.openqa.selenium.By$ById.findElement(By.java:194)
at org.openqa.selenium.remote.RemoteWebDriver.findElement(RemoteWebDriver.java:325)
at org.openqa.selenium.support.pagefactory.DefaultElementLocator.findElement(DefaultElementLocator.java:70)
at org.openqa.selenium.support.pagefactory.internal.LocatingElementHandler.invoke(LocatingElementHandler.java:39)
at com.sun.proxy.$Proxy17.isDisplayed(Unknown Source)
at org.openqa.selenium.support.ui.ExpectedConditions.elementIfVisible(ExpectedConditions.java:314)
at org.openqa.selenium.support.ui.ExpectedConditions.access$000(ExpectedConditions.java:43)
at org.openqa.selenium.support.ui.ExpectedConditions$10.apply(ExpectedConditions.java:300)
at org.openqa.selenium.support.ui.ExpectedConditions$10.apply(ExpectedConditions.java:297)
at org.openqa.selenium.support.ui.FluentWait.lambda$checkConditionInLoop$2(FluentWait.java:233)
at java.base/java.util.concurrent.CompletableFuture$AsyncSupply.run(CompletableFuture.java:1700)
at java.base/java.util.concurrent.CompletableFuture$AsyncSupply.exec(CompletableFuture.java:1692)
at java.base/java.util.concurrent.ForkJoinTask.doExec(ForkJoinTask.java:290)
at java.base/java.util.concurrent.ForkJoinPool$WorkQueue.topLevelExec(ForkJoinPool.java:1020)
at java.base/java.util.concurrent.ForkJoinPool.scan(ForkJoinPool.java:1656)
at java.base/java.util.concurrent.ForkJoinPool.runWorker(ForkJoinPool.java:1594)
at java.base/java.util.concurrent.ForkJoinWorkerThread.run(ForkJoinWorkerThread.java:183)
]]>
    </error>
  </testcase> <!-- verifyFreeAddonsAndPricePassedFromListingToCheckoutScreen -->
  <system-out>
Navigated to: https://puffy.com/products/puffy-lux-mattress Clicked on model: Queen Model price: $2,249  <a href='/selenium/screenshots/verifyFreeAddonsAndPricePassedFromListingToCheckoutScreen1672466361491.png'> <img src='/selenium/screenshots/verifyFreeAddonsAndPricePassedFromListingToCheckoutScreen1672466361491.png' height='400' width='800'/> </a>    <a href='/selenium/screenshots/verifyFreeAddonsAndPricePassedFromListingToCheckoutScreen1672466362055.png'> <img src='/selenium/screenshots/verifyFreeAddonsAndPricePassedFromListingToCheckoutScreen1672466362055.png' height='400' width='800'/> </a>    </system-out>
  <testcase classname="OrderPlacement" name="verifyDeliveryStatusAndEstimatedDeliveryDate" time="2.065"/>
  <system-out>
Navigated to: https://puffy.com/products/puffy-lux-mattress Estimated month of delivery date is:January Delivery status is Ready to ship  </system-out>
  <testcase classname="OrderPlacement" name="verifyDifferentSizesOfSameProductCanBeSelected" time="3.032"/>
  <system-out>
Navigated to: https://puffy.com/products/puffy-lux-mattress Clicked on model: Split King Product size is displayed as: 2 - 38"W x 80"L x 12"H Product price is displayed as: $3,598  </system-out>
  <testcase classname="OrderPlacement" name="verifyImageAndVideoSlidesOnSelection" time="3.514"/>
  <system-out>
Navigated to: https://puffy.com/products/puffy-lux-mattress Product images/video slides are displayed  </system-out>
  <testcase classname="OrderPlacement" name="verifyProductIsListedOnUsingDeepLink" time="2.276"/>
  <system-out>
Navigated to: https://puffy.com/products/puffy-lux-mattress  </system-out>
</testsuite> <!-- OrderPlacement -->
