<?xml version="1.0" encoding="UTF-8"?>
<!-- Generated by org.testng.reporters.JUnitReportReporter -->
<testsuite hostname="Vinayak-Kaladhar" failures="1" tests="17" name="OrderPlacement" time="130.778" errors="0" timestamp="2023-01-01T18:21:04 IST" skipped="0">
  <testcase classname="OrderPlacement" name="verifyDefaultSelectedProductSpecs" time="7.656"/>
  <system-out>
Navigated to: https://puffy.com/products/puffy-lux-mattress Default model Twin is selected Verified default model: Twin specifications  </system-out>
  <testcase classname="OrderPlacement" name="verifyImageAndVideoSlidesOnSelection" time="5.686"/>
  <system-out>
Navigated to: https://puffy.com/products/puffy-lux-mattress Product images/video slides are displayed  </system-out>
  <testcase classname="OrderPlacement" name="verifyDifferentSizesOfSameProductCanBeSelected" time="3.313"/>
  <system-out>
Navigated to: https://puffy.com/products/puffy-lux-mattress Clicked on model: Cal King Product size is displayed as: 72"W x 84"L x 12"H Product price is displayed as: $2,449  </system-out>
  <testcase classname="OrderPlacement" name="verifyDifferentSizesOfSameProductCanBeSelected" time="3.474"/>
  <system-out>
Navigated to: https://puffy.com/products/puffy-lux-mattress Clicked on model: Queen Product size is displayed as: 60"W x 80"L x 12"H Product price is displayed as: $2,249  </system-out>
  <testcase classname="OrderPlacement" name="verifyFreeAddonsAndPricePassedFromListingToCheckoutScreen" time="11.231"/>
  <system-out>
Navigated to: https://puffy.com/products/puffy-lux-mattress Clicked on model: Queen Model price: $2,249 Navigated to checkout page Checked out screen is displayed  </system-out>
  <testcase classname="OrderPlacement" name="verifyItemNameAndQuantityPassedFromListingToCheckoutScreen" time="18.458">
    <failure message="Item name and quantity of the selected product is displayed as the same in checkout screen expected [true] but found [false]" type="java.lang.AssertionError">
      <![CDATA[java.lang.AssertionError: Item name and quantity of the selected product is displayed as the same in checkout screen expected [true] but found [false]
at org.testng.Assert.fail(Assert.java:97)
at org.testng.Assert.failNotEquals(Assert.java:969)
at org.testng.Assert.assertTrue(Assert.java:43)
at OrderPlacement.verifyItemNameAndQuantityPassedFromListingToCheckoutScreen(OrderPlacement.java:180)
at java.base/jdk.internal.reflect.NativeMethodAccessorImpl.invoke0(Native Method)
at java.base/jdk.internal.reflect.NativeMethodAccessorImpl.invoke(NativeMethodAccessorImpl.java:62)
at java.base/jdk.internal.reflect.DelegatingMethodAccessorImpl.invoke(DelegatingMethodAccessorImpl.java:43)
at java.base/java.lang.reflect.Method.invoke(Method.java:566)
at org.testng.internal.MethodInvocationHelper.invokeMethod(MethodInvocationHelper.java:134)
at org.testng.internal.TestInvoker.invokeMethod(TestInvoker.java:597)
at org.testng.internal.TestInvoker.invokeTestMethod(TestInvoker.java:173)
at org.testng.internal.MethodRunner.runInSequence(MethodRunner.java:46)
at org.testng.internal.TestInvoker$MethodInvocationAgent.invoke(TestInvoker.java:816)
at org.testng.internal.TestInvoker.invokeTestMethods(TestInvoker.java:146)
at org.testng.internal.TestMethodWorker.invokeTestMethods(TestMethodWorker.java:146)
at org.testng.internal.TestMethodWorker.run(TestMethodWorker.java:128)
at java.base/java.util.concurrent.ThreadPoolExecutor.runWorker(ThreadPoolExecutor.java:1128)
at java.base/java.util.concurrent.ThreadPoolExecutor$Worker.run(ThreadPoolExecutor.java:628)
at java.base/java.lang.Thread.run(Thread.java:829)
]]>
    </failure>
  </testcase> <!-- verifyItemNameAndQuantityPassedFromListingToCheckoutScreen -->
  <system-out>
Navigated to: https://puffy.com/products/puffy-lux-mattress Clicked on model: Queen and added to cart Items are displayed in checkout screen  <a href='/selenium/screenshots/verifyItemNameAndQuantityPassedFromListingToCheckoutScreen1672577424665.png'> <img src='/selenium/screenshots/verifyItemNameAndQuantityPassedFromListingToCheckoutScreen1672577424665.png' height='400' width='800'/> </a>    <a href='/selenium/screenshots/verifyItemNameAndQuantityPassedFromListingToCheckoutScreen1672577425344.png'> <img src='/selenium/screenshots/verifyItemNameAndQuantityPassedFromListingToCheckoutScreen1672577425344.png' height='400' width='800'/> </a>    </system-out>
  <testcase classname="OrderPlacement" name="verifyCheckoutFromProductsAddedToCart" time="24.650"/>
  <system-out>
Navigated to: https://puffy.com/products/puffy-lux-mattress Clicked on items added to cart  </system-out>
  <testcase classname="OrderPlacement" name="verifyProductReviewsRatingAndFAQs" time="7.268"/>
  <system-out>
Navigated to: https://puffy.com/products/puffy-lux-mattress Product rating is displayed as >= 4 Review and FAQ sections are displayed  </system-out>
  <testcase classname="OrderPlacement" name="verifyDifferentSizesOfSameProductCanBeSelected" time="4.362"/>
  <system-out>
Navigated to: https://puffy.com/products/puffy-lux-mattress Clicked on model: Twin XL Product size is displayed as: 38"W x 80"L x 12"H Product price is displayed as: $1,799  </system-out>
  <testcase classname="OrderPlacement" name="verifyProductFeaturesAndReasonsToBuy" time="3.923"/>
  <system-out>
Navigated to: https://puffy.com/products/puffy-lux-mattress  </system-out>
  <testcase classname="OrderPlacement" name="verifyProductCanBeCheckedOutUsingBuyNow" time="14.400"/>
  <system-out>
Navigated to: https://puffy.com/products/puffy-lux-mattress Product has been checked out using Buy Now option  </system-out>
  <testcase classname="OrderPlacement" name="verifyDeliveryStatusAndEstimatedDeliveryDate" time="3.042"/>
  <system-out>
Navigated to: https://puffy.com/products/puffy-lux-mattress Estimated month of delivery date is:January Delivery status is Ready to ship  </system-out>
  <testcase classname="OrderPlacement" name="verifyProductIsListedOnUsingDeepLink" time="2.654"/>
  <system-out>
Navigated to: https://puffy.com/products/puffy-lux-mattress  </system-out>
  <testcase classname="OrderPlacement" name="verifyMultipleProductsCanBeAddedToCart" time="10.093"/>
  <system-out>
Navigated to: https://puffy.com/products/puffy-lux-mattress Product has been added to cart first time with items in cart count: 1 Product has been added to cart second time  </system-out>
  <testcase classname="OrderPlacement" name="verifyDifferentSizesOfSameProductCanBeSelected" time="3.361"/>
  <system-out>
Navigated to: https://puffy.com/products/puffy-lux-mattress Clicked on model: Full Product size is displayed as: 54"W x 75"L x 12"H Product price is displayed as: $2,049  </system-out>
  <testcase classname="OrderPlacement" name="verifyDifferentSizesOfSameProductCanBeSelected" time="2.935"/>
  <system-out>
Navigated to: https://puffy.com/products/puffy-lux-mattress Clicked on model: King Product size is displayed as: 76"W x 80"L x 12"H Product price is displayed as: $2,449  </system-out>
  <testcase classname="OrderPlacement" name="verifyDifferentSizesOfSameProductCanBeSelected" time="4.272"/>
  <system-out>
Navigated to: https://puffy.com/products/puffy-lux-mattress Clicked on model: Split King Product size is displayed as: 2 - 38"W x 80"L x 12"H Product price is displayed as: $3,598  </system-out>
</testsuite> <!-- OrderPlacement -->
