<?xml version="1.0" encoding="UTF-8"?>
<!-- Generated by org.testng.reporters.JUnitReportReporter -->
<testsuite hostname="Vinayak-Kaladhar" failures="0" tests="18" name="ProductListing" time="121.033" errors="0" timestamp="2023-01-02T07:58:33 IST" skipped="0">
  <testcase classname="ProductListing" name="verifyCheckoutFromProductsAddedToCart" time="19.259"/>
  <system-out>
Navigated to: https://puffy.com/products/puffy-lux-mattress Clicked on items added to cart  </system-out>
  <testcase classname="ProductListing" name="verifyDefaultSelectedProductSpecs" time="2.432"/>
  <system-out>
Navigated to: https://puffy.com/products/puffy-lux-mattress Default model Twin is selected Verified default model: Twin specifications  </system-out>
  <testcase classname="ProductListing" name="verifyDifferentSizesOfSameProductCanBeSelected" time="2.636"/>
  <system-out>
Navigated to: https://puffy.com/products/puffy-lux-mattress Clicked on model: Split King Product size is displayed as: 2 - 38"W x 80"L x 12"H Product price is displayed as: $3,598  </system-out>
  <testcase classname="ProductListing" name="verifyDifferentSizesOfSameProductCanBeSelected" time="2.831"/>
  <system-out>
Navigated to: https://puffy.com/products/puffy-lux-mattress Clicked on model: King Product size is displayed as: 76"W x 80"L x 12"H Product price is displayed as: $2,449  </system-out>
  <testcase classname="ProductListing" name="verifyDifferentSizesOfSameProductCanBeSelected" time="2.904"/>
  <system-out>
Navigated to: https://puffy.com/products/puffy-lux-mattress Clicked on model: Twin XL Product size is displayed as: 38"W x 80"L x 12"H Product price is displayed as: $1,799  </system-out>
  <testcase classname="ProductListing" name="verifyDiscountPriceIsDisplayed" time="2.142"/>
  <system-out>
Navigated to: https://puffy.com/products/puffy-lux-mattress Discount coupon code and discounted price is displayed  </system-out>
  <testcase classname="ProductListing" name="verifyDifferentSizesOfSameProductCanBeSelected" time="2.655"/>
  <system-out>
Navigated to: https://puffy.com/products/puffy-lux-mattress Clicked on model: Queen Product size is displayed as: 60"W x 80"L x 12"H Product price is displayed as: $2,249  </system-out>
  <testcase classname="ProductListing" name="verifyMultipleProductsCanBeAddedToCart" time="8.922"/>
  <system-out>
Navigated to: https://puffy.com/products/puffy-lux-mattress Product has been added to cart first time with items in cart count: 1 Product has been added to cart second time  </system-out>
  <testcase classname="ProductListing" name="verifyFreeAddonsAndPricePassedFromListingToCheckoutScreen" time="10.618"/>
  <system-out>
Navigated to: https://puffy.com/products/puffy-lux-mattress Clicked on model: Queen Model price: $2,249 Navigated to checkout page Checked out screen is displayed  </system-out>
  <testcase classname="ProductListing" name="verifyProductReviewsRatingAndFAQs" time="5.631"/>
  <system-out>
Navigated to: https://puffy.com/products/puffy-lux-mattress Product rating is displayed as >= 4 Review and FAQ sections are displayed  </system-out>
  <testcase classname="ProductListing" name="verifyProductIsListedOnUsingDeepLink" time="3.311"/>
  <system-out>
Navigated to: https://puffy.com/products/puffy-lux-mattress  </system-out>
  <testcase classname="ProductListing" name="verifyItemNameAndQuantityPassedFromListingToCheckoutScreen" time="30.843"/>
  <system-out>
Navigated to: https://puffy.com/products/puffy-lux-mattress Clicked on model: Queen and added to cart Items are displayed in checkout screen  </system-out>
  <testcase classname="ProductListing" name="verifyProductCanBeCheckedOutUsingBuyNow" time="9.698"/>
  <system-out>
Navigated to: https://puffy.com/products/puffy-lux-mattress Product has been checked out using Buy Now option  </system-out>
  <testcase classname="ProductListing" name="verifyDeliveryStatusAndEstimatedDeliveryDate" time="2.093"/>
  <system-out>
Navigated to: https://puffy.com/products/puffy-lux-mattress Estimated month of delivery date is:January Delivery status is Ready to ship  </system-out>
  <testcase classname="ProductListing" name="verifyProductFeaturesAndReasonsToBuy" time="3.244"/>
  <system-out>
Navigated to: https://puffy.com/products/puffy-lux-mattress Additional details are displayed  </system-out>
  <testcase classname="ProductListing" name="verifyDifferentSizesOfSameProductCanBeSelected" time="2.913"/>
  <system-out>
Navigated to: https://puffy.com/products/puffy-lux-mattress Clicked on model: Full Product size is displayed as: 54"W x 75"L x 12"H Product price is displayed as: $2,049  </system-out>
  <testcase classname="ProductListing" name="verifyImageAndVideoSlidesOnSelection" time="5.085"/>
  <system-out>
Navigated to: https://puffy.com/products/puffy-lux-mattress Product images/video slides are displayed  </system-out>
  <testcase classname="ProductListing" name="verifyDifferentSizesOfSameProductCanBeSelected" time="3.816"/>
  <system-out>
Navigated to: https://puffy.com/products/puffy-lux-mattress Clicked on model: Cal King Product size is displayed as: 72"W x 84"L x 12"H Product price is displayed as: $2,449  </system-out>
</testsuite> <!-- ProductListing -->
