<?xml version="1.0" encoding="UTF-8"?>
<!-- Generated by org.testng.reporters.JUnitReportReporter -->
<testsuite hostname="Vinayak-Kaladhar" failures="0" tests="18" name="ProductListing" time="146.411" errors="0" timestamp="2023-01-02T08:06:36 IST" skipped="0">
  <testcase classname="ProductListing" name="verifyDifferentSizesOfSameProductCanBeSelected" time="3.538"/>
  <system-out>
Navigated to: https://puffy.com/products/puffy-lux-mattress Clicked on model: Queen Product size is displayed as: 60"W x 80"L x 12"H Product price is displayed as: $2,249  </system-out>
  <testcase classname="ProductListing" name="verifyImageAndVideoSlidesOnSelection" time="4.734"/>
  <system-out>
Navigated to: https://puffy.com/products/puffy-lux-mattress Product images/video slides are displayed  </system-out>
  <testcase classname="ProductListing" name="verifyMultipleProductsCanBeAddedToCart" time="10.497"/>
  <system-out>
Navigated to: https://puffy.com/products/puffy-lux-mattress Product has been added to cart first time Product has been added to cart second time Verified items count after adding multiple products to cart  </system-out>
  <testcase classname="ProductListing" name="verifyDeliveryStatusAndEstimatedDeliveryDate" time="2.489"/>
  <system-out>
Navigated to: https://puffy.com/products/puffy-lux-mattress Estimated month of delivery date is:January Delivery status is Ready to ship  </system-out>
  <testcase classname="ProductListing" name="verifyProductCanBeCheckedOutUsingBuyNow" time="22.342"/>
  <system-out>
Navigated to: https://puffy.com/products/puffy-lux-mattress Product has been checked out using Buy Now option  </system-out>
  <testcase classname="ProductListing" name="verifyDifferentSizesOfSameProductCanBeSelected" time="4.020"/>
  <system-out>
Navigated to: https://puffy.com/products/puffy-lux-mattress Clicked on model: Full Product size is displayed as: 54"W x 75"L x 12"H Product price is displayed as: $2,049  </system-out>
  <testcase classname="ProductListing" name="verifyDifferentSizesOfSameProductCanBeSelected" time="3.869"/>
  <system-out>
Navigated to: https://puffy.com/products/puffy-lux-mattress Clicked on model: Cal King Product size is displayed as: 72"W x 84"L x 12"H Product price is displayed as: $2,449  </system-out>
  <testcase classname="ProductListing" name="verifyCheckoutFromProductsAddedToCart" time="22.485"/>
  <system-out>
Navigated to: https://puffy.com/products/puffy-lux-mattress Clicked on items added to cart  </system-out>
  <testcase classname="ProductListing" name="verifyDefaultSelectedProductSpecs" time="8.365"/>
  <system-out>
Navigated to: https://puffy.com/products/puffy-lux-mattress Default model Twin is selected Verified default model: Twin specifications  </system-out>
  <testcase classname="ProductListing" name="verifyFreeAddonsAndPricePassedFromListingToCheckoutScreen" time="13.587"/>
  <system-out>
Navigated to: https://puffy.com/products/puffy-lux-mattress Clicked on model: Queen Model price: $2,249 Navigated to checkout page Checked out screen is displayed  </system-out>
  <testcase classname="ProductListing" name="verifyDifferentSizesOfSameProductCanBeSelected" time="3.091"/>
  <system-out>
Navigated to: https://puffy.com/products/puffy-lux-mattress Clicked on model: King Product size is displayed as: 76"W x 80"L x 12"H Product price is displayed as: $2,449  </system-out>
  <testcase classname="ProductListing" name="verifyProductReviewsRatingAndFAQs" time="8.222"/>
  <system-out>
Navigated to: https://puffy.com/products/puffy-lux-mattress Product rating is displayed as >= 4 Review and FAQ sections are displayed  </system-out>
  <testcase classname="ProductListing" name="verifyDifferentSizesOfSameProductCanBeSelected" time="3.245"/>
  <system-out>
Navigated to: https://puffy.com/products/puffy-lux-mattress Clicked on model: Twin XL Product size is displayed as: 38"W x 80"L x 12"H Product price is displayed as: $1,799  </system-out>
  <testcase classname="ProductListing" name="verifyProductIsListedOnUsingDeepLink" time="3.103"/>
  <system-out>
Navigated to: https://puffy.com/products/puffy-lux-mattress  </system-out>
  <testcase classname="ProductListing" name="verifyDiscountPriceIsDisplayed" time="3.176"/>
  <system-out>
Navigated to: https://puffy.com/products/puffy-lux-mattress Discount coupon code and discounted price is displayed  </system-out>
  <testcase classname="ProductListing" name="verifyItemNameAndQuantityPassedFromListingToCheckoutScreen" time="22.196"/>
  <system-out>
Navigated to: https://puffy.com/products/puffy-lux-mattress Clicked on model: Queen and added to cart Items are displayed in checkout screen  </system-out>
  <testcase classname="ProductListing" name="verifyProductFeaturesAndReasonsToBuy" time="4.513"/>
  <system-out>
Navigated to: https://puffy.com/products/puffy-lux-mattress Additional details are displayed  </system-out>
  <testcase classname="ProductListing" name="verifyDifferentSizesOfSameProductCanBeSelected" time="2.939"/>
  <system-out>
Navigated to: https://puffy.com/products/puffy-lux-mattress Clicked on model: Split King Product size is displayed as: 2 - 38"W x 80"L x 12"H Product price is displayed as: $3,598  </system-out>
</testsuite> <!-- ProductListing -->
