<?xml version="1.0" encoding="UTF-8"?>
<!-- Generated by org.testng.reporters.JUnitReportReporter -->
<testsuite hostname="Vinayak-Kaladhar" failures="0" tests="17" name="OrderPlacement" time="151.641" errors="1" timestamp="2023-01-01T20:01:28 IST" skipped="0">
  <testcase classname="OrderPlacement" name="verifyProductReviewsRatingAndFAQs" time="8.740"/>
  <system-out>
Navigated to: https://puffy.com/products/puffy-lux-mattress Product rating is displayed as >= 4 Review and FAQ sections are displayed  </system-out>
  <testcase classname="OrderPlacement" name="verifyProductIsListedOnUsingDeepLink" time="2.787"/>
  <system-out>
Navigated to: https://puffy.com/products/puffy-lux-mattress  </system-out>
  <testcase classname="OrderPlacement" name="verifyProductFeaturesAndReasonsToBuy" time="5.406"/>
  <system-out>
Navigated to: https://puffy.com/products/puffy-lux-mattress  </system-out>
  <testcase classname="OrderPlacement" name="verifyCheckoutFromProductsAddedToCart" time="27.324"/>
  <system-out>
Navigated to: https://puffy.com/products/puffy-lux-mattress Clicked on items added to cart  </system-out>
  <testcase classname="OrderPlacement" name="verifyImageAndVideoSlidesOnSelection" time="9.940"/>
  <system-out>
Navigated to: https://puffy.com/products/puffy-lux-mattress Product images/video slides are displayed  </system-out>
  <testcase classname="OrderPlacement" name="verifyDifferentSizesOfSameProductCanBeSelected" time="3.515"/>
  <system-out>
Navigated to: https://puffy.com/products/puffy-lux-mattress Clicked on model: Queen Product size is displayed as: 60"W x 80"L x 12"H Product price is displayed as: $2,249  </system-out>
  <testcase classname="OrderPlacement" name="verifyDefaultSelectedProductSpecs" time="3.671"/>
  <system-out>
Navigated to: https://puffy.com/products/puffy-lux-mattress Default model Twin is selected Verified default model: Twin specifications  </system-out>
  <testcase classname="OrderPlacement" name="verifyDeliveryStatusAndEstimatedDeliveryDate" time="3.058"/>
  <system-out>
Navigated to: https://puffy.com/products/puffy-lux-mattress Estimated month of delivery date is:January Delivery status is Ready to ship  </system-out>
  <testcase classname="OrderPlacement" name="verifyDifferentSizesOfSameProductCanBeSelected" time="4.292"/>
  <system-out>
Navigated to: https://puffy.com/products/puffy-lux-mattress Clicked on model: Full Product size is displayed as: 54"W x 75"L x 12"H Product price is displayed as: $2,049  </system-out>
  <testcase classname="OrderPlacement" name="verifyDifferentSizesOfSameProductCanBeSelected" time="3.367"/>
  <system-out>
Navigated to: https://puffy.com/products/puffy-lux-mattress Clicked on model: Cal King Product size is displayed as: 72"W x 84"L x 12"H Product price is displayed as: $2,449  </system-out>
  <testcase classname="OrderPlacement" name="verifyDifferentSizesOfSameProductCanBeSelected" time="3.033"/>
  <system-out>
Navigated to: https://puffy.com/products/puffy-lux-mattress Clicked on model: Split King Product size is displayed as: 2 - 38"W x 80"L x 12"H Product price is displayed as: $3,598  </system-out>
  <testcase classname="OrderPlacement" name="verifyItemNameAndQuantityPassedFromListingToCheckoutScreen" time="22.571"/>
  <system-out>
Navigated to: https://puffy.com/products/puffy-lux-mattress Clicked on model: Queen and added to cart Items are displayed in checkout screen  </system-out>
  <testcase classname="OrderPlacement" name="verifyFreeAddonsAndPricePassedFromListingToCheckoutScreen" time="11.222">
    <error message="Could not initialize class org.openqa.selenium.WebDriverException" type="java.lang.NoClassDefFoundError">
      <![CDATA[java.lang.NoClassDefFoundError: Could not initialize class org.openqa.selenium.WebDriverException
at java.base/jdk.internal.reflect.NativeConstructorAccessorImpl.newInstance0(Native Method)
at java.base/jdk.internal.reflect.NativeConstructorAccessorImpl.newInstance(NativeConstructorAccessorImpl.java:62)
at java.base/jdk.internal.reflect.DelegatingConstructorAccessorImpl.newInstance(DelegatingConstructorAccessorImpl.java:45)
at java.base/java.lang.reflect.Constructor.newInstance(Constructor.java:490)
at org.openqa.selenium.remote.codec.w3c.W3CHttpResponseCodec.createException(W3CHttpResponseCodec.java:196)
at org.openqa.selenium.remote.codec.w3c.W3CHttpResponseCodec.decode(W3CHttpResponseCodec.java:129)
at org.openqa.selenium.remote.codec.w3c.W3CHttpResponseCodec.decode(W3CHttpResponseCodec.java:53)
at org.openqa.selenium.remote.HttpCommandExecutor.execute(HttpCommandExecutor.java:160)
at org.openqa.selenium.remote.service.DriverCommandExecutor.execute(DriverCommandExecutor.java:83)
at org.openqa.selenium.remote.RemoteWebDriver.execute(RemoteWebDriver.java:582)
at org.openqa.selenium.remote.RemoteWebElement.execute(RemoteWebElement.java:316)
at org.openqa.selenium.remote.RemoteWebElement.sendKeys(RemoteWebElement.java:115)
at java.base/jdk.internal.reflect.NativeMethodAccessorImpl.invoke0(Native Method)
at java.base/jdk.internal.reflect.NativeMethodAccessorImpl.invoke(NativeMethodAccessorImpl.java:62)
at java.base/jdk.internal.reflect.DelegatingMethodAccessorImpl.invoke(DelegatingMethodAccessorImpl.java:43)
at java.base/java.lang.reflect.Method.invoke(Method.java:566)
at org.openqa.selenium.support.pagefactory.internal.LocatingElementHandler.invoke(LocatingElementHandler.java:52)
at com.sun.proxy.$Proxy17.sendKeys(Unknown Source)
at POM.CheckoutPage.enterDetails(CheckoutPage.java:55)
at OrderPlacement.verifyFreeAddonsAndPricePassedFromListingToCheckoutScreen(OrderPlacement.java:157)
at java.base/jdk.internal.reflect.NativeMethodAccessorImpl.invoke0(Native Method)
at java.base/jdk.internal.reflect.NativeMethodAccessorImpl.invoke(NativeMethodAccessorImpl.java:62)
at java.base/jdk.internal.reflect.DelegatingMethodAccessorImpl.invoke(DelegatingMethodAccessorImpl.java:43)
at java.base/java.lang.reflect.Method.invoke(Method.java:566)
at org.testng.internal.MethodInvocationHelper.invokeMethod(MethodInvocationHelper.java:134)
at org.testng.internal.TestInvoker.invokeMethod(TestInvoker.java:597)
at org.testng.internal.TestInvoker.invokeTestMethod(TestInvoker.java:173)
at org.testng.internal.MethodRunner.runInSequence(MethodRunner.java:46)
at org.testng.internal.TestInvoker$MethodInvocationAgent.invoke(TestInvoker.java:816)
at org.testng.internal.TestInvoker.invokeTestMethods(TestInvoker.java:146)
at org.testng.internal.TestMethodWorker.invokeTestMethods(TestMethodWorker.java:146)
at org.testng.internal.TestMethodWorker.run(TestMethodWorker.java:128)
at java.base/java.util.concurrent.ThreadPoolExecutor.runWorker(ThreadPoolExecutor.java:1128)
at java.base/java.util.concurrent.ThreadPoolExecutor$Worker.run(ThreadPoolExecutor.java:628)
at java.base/java.lang.Thread.run(Thread.java:829)
]]>
    </error>
  </testcase> <!-- verifyFreeAddonsAndPricePassedFromListingToCheckoutScreen -->
  <system-out>
Navigated to: https://puffy.com/products/puffy-lux-mattress Clicked on model: Queen Model price: $2,249 Navigated to checkout page  <a href='/selenium/screenshots/verifyFreeAddonsAndPricePassedFromListingToCheckoutScreen1672583409902.png'> <img src='/selenium/screenshots/verifyFreeAddonsAndPricePassedFromListingToCheckoutScreen1672583409902.png' height='400' width='800'/> </a>    <a href='/selenium/screenshots/verifyFreeAddonsAndPricePassedFromListingToCheckoutScreen1672583411088.png'> <img src='/selenium/screenshots/verifyFreeAddonsAndPricePassedFromListingToCheckoutScreen1672583411088.png' height='400' width='800'/> </a>    </system-out>
  <testcase classname="OrderPlacement" name="verifyMultipleProductsCanBeAddedToCart" time="11.481"/>
  <system-out>
Navigated to: https://puffy.com/products/puffy-lux-mattress Product has been added to cart first time with items in cart count: 1 Product has been added to cart second time  </system-out>
  <testcase classname="OrderPlacement" name="verifyDifferentSizesOfSameProductCanBeSelected" time="4.446"/>
  <system-out>
Navigated to: https://puffy.com/products/puffy-lux-mattress Clicked on model: Twin XL Product size is displayed as: 38"W x 80"L x 12"H Product price is displayed as: $1,799  </system-out>
  <testcase classname="OrderPlacement" name="verifyDifferentSizesOfSameProductCanBeSelected" time="3.704"/>
  <system-out>
Navigated to: https://puffy.com/products/puffy-lux-mattress Clicked on model: King Product size is displayed as: 76"W x 80"L x 12"H Product price is displayed as: $2,449  </system-out>
  <testcase classname="OrderPlacement" name="verifyProductCanBeCheckedOutUsingBuyNow" time="23.084"/>
  <system-out>
Navigated to: https://puffy.com/products/puffy-lux-mattress Product has been checked out using Buy Now option  </system-out>
</testsuite> <!-- OrderPlacement -->
